The system is: Linux - 6.10.9-arm64 - aarch64
Compiling the C compiler identification source file "CMakeCCompilerId.c" succeeded.
Compiler: /usr/bin/clang 
Build flags: 
Id flags:  

The output was:
0


Compilation of the C compiler identification source "CMakeCCompilerId.c" produced "a.out"

The C compiler identification is Clang, found in "/home/kali/Fuzzing/ci-cd/ProjectX2.0/.cifuzz-build/libfuzzer/address+undefined/CMakeFiles/3.18.3/CompilerIdC/a.out"

Compiling the CXX compiler identification source file "CMakeCXXCompilerId.cpp" succeeded.
Compiler: /usr/bin/clang++ 
Build flags: 
Id flags:  

The output was:
0


Compilation of the CXX compiler identification source "CMakeCXXCompilerId.cpp" produced "a.out"

The CXX compiler identification is Clang, found in "/home/kali/Fuzzing/ci-cd/ProjectX2.0/.cifuzz-build/libfuzzer/address+undefined/CMakeFiles/3.18.3/CompilerIdCXX/a.out"

Detecting C compiler ABI info compiled with the following output:
Change Dir: /home/kali/Fuzzing/ci-cd/ProjectX2.0/.cifuzz-build/libfuzzer/address+undefined/CMakeFiles/CMakeTmp

Run Build Command(s):/usr/bin/gmake cmTC_b2594/fast && /usr/bin/gmake  -f CMakeFiles/cmTC_b2594.dir/build.make CMakeFiles/cmTC_b2594.dir/build
gmake[1]: Entering directory '/home/kali/Fuzzing/ci-cd/ProjectX2.0/.cifuzz-build/libfuzzer/address+undefined/CMakeFiles/CMakeTmp'
Building C object CMakeFiles/cmTC_b2594.dir/CMakeCCompilerABI.c.o
/usr/bin/clang   -v -o CMakeFiles/cmTC_b2594.dir/CMakeCCompilerABI.c.o -c /usr/local/share/cmake-3.18/Modules/CMakeCCompilerABI.c
Debian clang version 16.0.6 (27+b1)
Target: aarch64-unknown-linux-gnu
Thread model: posix
InstalledDir: /usr/bin
Found candidate GCC installation: /usr/bin/../lib/gcc/aarch64-linux-gnu/12
Found candidate GCC installation: /usr/bin/../lib/gcc/aarch64-linux-gnu/13
Found candidate GCC installation: /usr/bin/../lib/gcc/aarch64-linux-gnu/14
Selected GCC installation: /usr/bin/../lib/gcc/aarch64-linux-gnu/14
Candidate multilib: .;@m64
Selected multilib: .;@m64
 (in-process)
 "/usr/lib/llvm-16/bin/clang" -cc1 -triple aarch64-unknown-linux-gnu -emit-obj -mrelax-all -disable-free -clear-ast-before-backend -disable-llvm-verifier -discard-value-names -main-file-name CMakeCCompilerABI.c -mrelocation-model pic -pic-level 2 -pic-is-pie -mframe-pointer=non-leaf -fmath-errno -ffp-contract=on -fno-rounding-math -mconstructor-aliases -funwind-tables=2 -target-cpu generic -target-feature +neon -target-feature +v8a -target-abi aapcs -mllvm -treat-scalable-fixed-error-as-warning -debugger-tuning=gdb -v -fcoverage-compilation-dir=/home/kali/Fuzzing/ci-cd/ProjectX2.0/.cifuzz-build/libfuzzer/address+undefined/CMakeFiles/CMakeTmp -resource-dir /usr/lib/llvm-16/lib/clang/16 -internal-isystem /usr/lib/llvm-16/lib/clang/16/include -internal-isystem /usr/local/include -internal-isystem /usr/bin/../lib/gcc/aarch64-linux-gnu/14/../../../../aarch64-linux-gnu/include -internal-externc-isystem /usr/include/aarch64-linux-gnu -internal-externc-isystem /include -internal-externc-isystem /usr/include -fdebug-compilation-dir=/home/kali/Fuzzing/ci-cd/ProjectX2.0/.cifuzz-build/libfuzzer/address+undefined/CMakeFiles/CMakeTmp -ferror-limit 19 -fno-signed-char -fgnuc-version=4.2.1 -target-feature +outline-atomics -target-feature -fmv -faddrsig -D__GCC_HAVE_DWARF2_CFI_ASM=1 -o CMakeFiles/cmTC_b2594.dir/CMakeCCompilerABI.c.o -x c /usr/local/share/cmake-3.18/Modules/CMakeCCompilerABI.c
clang -cc1 version 16.0.6 based upon LLVM 16.0.6 default target aarch64-unknown-linux-gnu
ignoring nonexistent directory "/usr/bin/../lib/gcc/aarch64-linux-gnu/14/../../../../aarch64-linux-gnu/include"
ignoring nonexistent directory "/include"
#include "..." search starts here:
#include <...> search starts here:
 /usr/lib/llvm-16/lib/clang/16/include
 /usr/local/include
 /usr/include/aarch64-linux-gnu
 /usr/include
End of search list.
Linking C executable cmTC_b2594
/usr/local/bin/cmake -E cmake_link_script CMakeFiles/cmTC_b2594.dir/link.txt --verbose=1
/usr/bin/clang  -v CMakeFiles/cmTC_b2594.dir/CMakeCCompilerABI.c.o -o cmTC_b2594 
Debian clang version 16.0.6 (27+b1)
Target: aarch64-unknown-linux-gnu
Thread model: posix
InstalledDir: /usr/bin
Found candidate GCC installation: /usr/bin/../lib/gcc/aarch64-linux-gnu/12
Found candidate GCC installation: /usr/bin/../lib/gcc/aarch64-linux-gnu/13
Found candidate GCC installation: /usr/bin/../lib/gcc/aarch64-linux-gnu/14
Selected GCC installation: /usr/bin/../lib/gcc/aarch64-linux-gnu/14
Candidate multilib: .;@m64
Selected multilib: .;@m64
 "/usr/bin/ld" -pie -EL --hash-style=gnu --build-id --eh-frame-hdr -m aarch64linux -dynamic-linker /lib/ld-linux-aarch64.so.1 -o cmTC_b2594 /lib/aarch64-linux-gnu/Scrt1.o /lib/aarch64-linux-gnu/crti.o /usr/bin/../lib/gcc/aarch64-linux-gnu/14/crtbeginS.o -L/usr/bin/../lib/gcc/aarch64-linux-gnu/14 -L/lib/aarch64-linux-gnu -L/usr/lib/aarch64-linux-gnu -L/lib -L/usr/lib CMakeFiles/cmTC_b2594.dir/CMakeCCompilerABI.c.o -lgcc --as-needed -lgcc_s --no-as-needed -lc -lgcc --as-needed -lgcc_s --no-as-needed /usr/bin/../lib/gcc/aarch64-linux-gnu/14/crtendS.o /lib/aarch64-linux-gnu/crtn.o
gmake[1]: Leaving directory '/home/kali/Fuzzing/ci-cd/ProjectX2.0/.cifuzz-build/libfuzzer/address+undefined/CMakeFiles/CMakeTmp'



Parsed C implicit include dir info from above output: rv=done
  found start of include info
  found start of implicit include info
    add: [/usr/lib/llvm-16/lib/clang/16/include]
    add: [/usr/local/include]
    add: [/usr/include/aarch64-linux-gnu]
    add: [/usr/include]
  end of search list found
  collapse include dir [/usr/lib/llvm-16/lib/clang/16/include] ==> [/usr/lib/llvm-16/lib/clang/16/include]
  collapse include dir [/usr/local/include] ==> [/usr/local/include]
  collapse include dir [/usr/include/aarch64-linux-gnu] ==> [/usr/include/aarch64-linux-gnu]
  collapse include dir [/usr/include] ==> [/usr/include]
  implicit include dirs: [/usr/lib/llvm-16/lib/clang/16/include;/usr/local/include;/usr/include/aarch64-linux-gnu;/usr/include]


Parsed C implicit link information from above output:
  link line regex: [^( *|.*[/\])(ld|CMAKE_LINK_STARTFILE-NOTFOUND|([^/\]+-)?ld|collect2)[^/\]*( |$)]
  ignore line: [Change Dir: /home/kali/Fuzzing/ci-cd/ProjectX2.0/.cifuzz-build/libfuzzer/address+undefined/CMakeFiles/CMakeTmp]
  ignore line: []
  ignore line: [Run Build Command(s):/usr/bin/gmake cmTC_b2594/fast && /usr/bin/gmake  -f CMakeFiles/cmTC_b2594.dir/build.make CMakeFiles/cmTC_b2594.dir/build]
  ignore line: [gmake[1]: Entering directory '/home/kali/Fuzzing/ci-cd/ProjectX2.0/.cifuzz-build/libfuzzer/address+undefined/CMakeFiles/CMakeTmp']
  ignore line: [Building C object CMakeFiles/cmTC_b2594.dir/CMakeCCompilerABI.c.o]
  ignore line: [/usr/bin/clang   -v -o CMakeFiles/cmTC_b2594.dir/CMakeCCompilerABI.c.o -c /usr/local/share/cmake-3.18/Modules/CMakeCCompilerABI.c]
  ignore line: [Debian clang version 16.0.6 (27+b1)]
  ignore line: [Target: aarch64-unknown-linux-gnu]
  ignore line: [Thread model: posix]
  ignore line: [InstalledDir: /usr/bin]
  ignore line: [Found candidate GCC installation: /usr/bin/../lib/gcc/aarch64-linux-gnu/12]
  ignore line: [Found candidate GCC installation: /usr/bin/../lib/gcc/aarch64-linux-gnu/13]
  ignore line: [Found candidate GCC installation: /usr/bin/../lib/gcc/aarch64-linux-gnu/14]
  ignore line: [Selected GCC installation: /usr/bin/../lib/gcc/aarch64-linux-gnu/14]
  ignore line: [Candidate multilib: .]
  ignore line: [@m64]
  ignore line: [Selected multilib: .]
  ignore line: [@m64]
  ignore line: [ (in-process)]
  ignore line: [ "/usr/lib/llvm-16/bin/clang" -cc1 -triple aarch64-unknown-linux-gnu -emit-obj -mrelax-all -disable-free -clear-ast-before-backend -disable-llvm-verifier -discard-value-names -main-file-name CMakeCCompilerABI.c -mrelocation-model pic -pic-level 2 -pic-is-pie -mframe-pointer=non-leaf -fmath-errno -ffp-contract=on -fno-rounding-math -mconstructor-aliases -funwind-tables=2 -target-cpu generic -target-feature +neon -target-feature +v8a -target-abi aapcs -mllvm -treat-scalable-fixed-error-as-warning -debugger-tuning=gdb -v -fcoverage-compilation-dir=/home/kali/Fuzzing/ci-cd/ProjectX2.0/.cifuzz-build/libfuzzer/address+undefined/CMakeFiles/CMakeTmp -resource-dir /usr/lib/llvm-16/lib/clang/16 -internal-isystem /usr/lib/llvm-16/lib/clang/16/include -internal-isystem /usr/local/include -internal-isystem /usr/bin/../lib/gcc/aarch64-linux-gnu/14/../../../../aarch64-linux-gnu/include -internal-externc-isystem /usr/include/aarch64-linux-gnu -internal-externc-isystem /include -internal-externc-isystem /usr/include -fdebug-compilation-dir=/home/kali/Fuzzing/ci-cd/ProjectX2.0/.cifuzz-build/libfuzzer/address+undefined/CMakeFiles/CMakeTmp -ferror-limit 19 -fno-signed-char -fgnuc-version=4.2.1 -target-feature +outline-atomics -target-feature -fmv -faddrsig -D__GCC_HAVE_DWARF2_CFI_ASM=1 -o CMakeFiles/cmTC_b2594.dir/CMakeCCompilerABI.c.o -x c /usr/local/share/cmake-3.18/Modules/CMakeCCompilerABI.c]
  ignore line: [clang -cc1 version 16.0.6 based upon LLVM 16.0.6 default target aarch64-unknown-linux-gnu]
  ignore line: [ignoring nonexistent directory "/usr/bin/../lib/gcc/aarch64-linux-gnu/14/../../../../aarch64-linux-gnu/include"]
  ignore line: [ignoring nonexistent directory "/include"]
  ignore line: [#include "..." search starts here:]
  ignore line: [#include <...> search starts here:]
  ignore line: [ /usr/lib/llvm-16/lib/clang/16/include]
  ignore line: [ /usr/local/include]
  ignore line: [ /usr/include/aarch64-linux-gnu]
  ignore line: [ /usr/include]
  ignore line: [End of search list.]
  ignore line: [Linking C executable cmTC_b2594]
  ignore line: [/usr/local/bin/cmake -E cmake_link_script CMakeFiles/cmTC_b2594.dir/link.txt --verbose=1]
  ignore line: [/usr/bin/clang  -v CMakeFiles/cmTC_b2594.dir/CMakeCCompilerABI.c.o -o cmTC_b2594 ]
  ignore line: [Debian clang version 16.0.6 (27+b1)]
  ignore line: [Target: aarch64-unknown-linux-gnu]
  ignore line: [Thread model: posix]
  ignore line: [InstalledDir: /usr/bin]
  ignore line: [Found candidate GCC installation: /usr/bin/../lib/gcc/aarch64-linux-gnu/12]
  ignore line: [Found candidate GCC installation: /usr/bin/../lib/gcc/aarch64-linux-gnu/13]
  ignore line: [Found candidate GCC installation: /usr/bin/../lib/gcc/aarch64-linux-gnu/14]
  ignore line: [Selected GCC installation: /usr/bin/../lib/gcc/aarch64-linux-gnu/14]
  ignore line: [Candidate multilib: .]
  ignore line: [@m64]
  ignore line: [Selected multilib: .]
  ignore line: [@m64]
  link line: [ "/usr/bin/ld" -pie -EL --hash-style=gnu --build-id --eh-frame-hdr -m aarch64linux -dynamic-linker /lib/ld-linux-aarch64.so.1 -o cmTC_b2594 /lib/aarch64-linux-gnu/Scrt1.o /lib/aarch64-linux-gnu/crti.o /usr/bin/../lib/gcc/aarch64-linux-gnu/14/crtbeginS.o -L/usr/bin/../lib/gcc/aarch64-linux-gnu/14 -L/lib/aarch64-linux-gnu -L/usr/lib/aarch64-linux-gnu -L/lib -L/usr/lib CMakeFiles/cmTC_b2594.dir/CMakeCCompilerABI.c.o -lgcc --as-needed -lgcc_s --no-as-needed -lc -lgcc --as-needed -lgcc_s --no-as-needed /usr/bin/../lib/gcc/aarch64-linux-gnu/14/crtendS.o /lib/aarch64-linux-gnu/crtn.o]
    arg [/usr/bin/ld] ==> ignore
    arg [-pie] ==> ignore
    arg [-EL] ==> ignore
    arg [--hash-style=gnu] ==> ignore
    arg [--build-id] ==> ignore
    arg [--eh-frame-hdr] ==> ignore
    arg [-m] ==> ignore
    arg [aarch64linux] ==> ignore
    arg [-dynamic-linker] ==> ignore
    arg [/lib/ld-linux-aarch64.so.1] ==> ignore
    arg [-o] ==> ignore
    arg [cmTC_b2594] ==> ignore
    arg [/lib/aarch64-linux-gnu/Scrt1.o] ==> ignore
    arg [/lib/aarch64-linux-gnu/crti.o] ==> ignore
    arg [/usr/bin/../lib/gcc/aarch64-linux-gnu/14/crtbeginS.o] ==> ignore
    arg [-L/usr/bin/../lib/gcc/aarch64-linux-gnu/14] ==> dir [/usr/bin/../lib/gcc/aarch64-linux-gnu/14]
    arg [-L/lib/aarch64-linux-gnu] ==> dir [/lib/aarch64-linux-gnu]
    arg [-L/usr/lib/aarch64-linux-gnu] ==> dir [/usr/lib/aarch64-linux-gnu]
    arg [-L/lib] ==> dir [/lib]
    arg [-L/usr/lib] ==> dir [/usr/lib]
    arg [CMakeFiles/cmTC_b2594.dir/CMakeCCompilerABI.c.o] ==> ignore
    arg [-lgcc] ==> lib [gcc]
    arg [--as-needed] ==> ignore
    arg [-lgcc_s] ==> lib [gcc_s]
    arg [--no-as-needed] ==> ignore
    arg [-lc] ==> lib [c]
    arg [-lgcc] ==> lib [gcc]
    arg [--as-needed] ==> ignore
    arg [-lgcc_s] ==> lib [gcc_s]
    arg [--no-as-needed] ==> ignore
    arg [/usr/bin/../lib/gcc/aarch64-linux-gnu/14/crtendS.o] ==> ignore
    arg [/lib/aarch64-linux-gnu/crtn.o] ==> ignore
  collapse library dir [/usr/bin/../lib/gcc/aarch64-linux-gnu/14] ==> [/usr/lib/gcc/aarch64-linux-gnu/14]
  collapse library dir [/lib/aarch64-linux-gnu] ==> [/lib/aarch64-linux-gnu]
  collapse library dir [/usr/lib/aarch64-linux-gnu] ==> [/usr/lib/aarch64-linux-gnu]
  collapse library dir [/lib] ==> [/lib]
  collapse library dir [/usr/lib] ==> [/usr/lib]
  implicit libs: [gcc;gcc_s;c;gcc;gcc_s]
  implicit dirs: [/usr/lib/gcc/aarch64-linux-gnu/14;/lib/aarch64-linux-gnu;/usr/lib/aarch64-linux-gnu;/lib;/usr/lib]
  implicit fwks: []


Detecting CXX compiler ABI info compiled with the following output:
Change Dir: /home/kali/Fuzzing/ci-cd/ProjectX2.0/.cifuzz-build/libfuzzer/address+undefined/CMakeFiles/CMakeTmp

Run Build Command(s):/usr/bin/gmake cmTC_bb99f/fast && /usr/bin/gmake  -f CMakeFiles/cmTC_bb99f.dir/build.make CMakeFiles/cmTC_bb99f.dir/build
gmake[1]: Entering directory '/home/kali/Fuzzing/ci-cd/ProjectX2.0/.cifuzz-build/libfuzzer/address+undefined/CMakeFiles/CMakeTmp'
Building CXX object CMakeFiles/cmTC_bb99f.dir/CMakeCXXCompilerABI.cpp.o
/usr/bin/clang++   -v -o CMakeFiles/cmTC_bb99f.dir/CMakeCXXCompilerABI.cpp.o -c /usr/local/share/cmake-3.18/Modules/CMakeCXXCompilerABI.cpp
Debian clang version 16.0.6 (27+b1)
Target: aarch64-unknown-linux-gnu
Thread model: posix
InstalledDir: /usr/bin
Found candidate GCC installation: /usr/bin/../lib/gcc/aarch64-linux-gnu/12
Found candidate GCC installation: /usr/bin/../lib/gcc/aarch64-linux-gnu/13
Found candidate GCC installation: /usr/bin/../lib/gcc/aarch64-linux-gnu/14
Selected GCC installation: /usr/bin/../lib/gcc/aarch64-linux-gnu/14
Candidate multilib: .;@m64
Selected multilib: .;@m64
 (in-process)
 "/usr/lib/llvm-16/bin/clang" -cc1 -triple aarch64-unknown-linux-gnu -emit-obj -mrelax-all -disable-free -clear-ast-before-backend -disable-llvm-verifier -discard-value-names -main-file-name CMakeCXXCompilerABI.cpp -mrelocation-model pic -pic-level 2 -pic-is-pie -mframe-pointer=non-leaf -fmath-errno -ffp-contract=on -fno-rounding-math -mconstructor-aliases -funwind-tables=2 -target-cpu generic -target-feature +neon -target-feature +v8a -target-abi aapcs -mllvm -treat-scalable-fixed-error-as-warning -debugger-tuning=gdb -v -fcoverage-compilation-dir=/home/kali/Fuzzing/ci-cd/ProjectX2.0/.cifuzz-build/libfuzzer/address+undefined/CMakeFiles/CMakeTmp -resource-dir /usr/lib/llvm-16/lib/clang/16 -internal-isystem /usr/bin/../lib/gcc/aarch64-linux-gnu/14/../../../../include/c++/14 -internal-isystem /usr/bin/../lib/gcc/aarch64-linux-gnu/14/../../../../include/aarch64-linux-gnu/c++/14 -internal-isystem /usr/bin/../lib/gcc/aarch64-linux-gnu/14/../../../../include/c++/14/backward -internal-isystem /usr/lib/llvm-16/lib/clang/16/include -internal-isystem /usr/local/include -internal-isystem /usr/bin/../lib/gcc/aarch64-linux-gnu/14/../../../../aarch64-linux-gnu/include -internal-externc-isystem /usr/include/aarch64-linux-gnu -internal-externc-isystem /include -internal-externc-isystem /usr/include -fdeprecated-macro -fdebug-compilation-dir=/home/kali/Fuzzing/ci-cd/ProjectX2.0/.cifuzz-build/libfuzzer/address+undefined/CMakeFiles/CMakeTmp -ferror-limit 19 -fno-signed-char -fgnuc-version=4.2.1 -fcxx-exceptions -fexceptions -target-feature +outline-atomics -target-feature -fmv -faddrsig -D__GCC_HAVE_DWARF2_CFI_ASM=1 -o CMakeFiles/cmTC_bb99f.dir/CMakeCXXCompilerABI.cpp.o -x c++ /usr/local/share/cmake-3.18/Modules/CMakeCXXCompilerABI.cpp
clang -cc1 version 16.0.6 based upon LLVM 16.0.6 default target aarch64-unknown-linux-gnu
ignoring nonexistent directory "/usr/bin/../lib/gcc/aarch64-linux-gnu/14/../../../../aarch64-linux-gnu/include"
ignoring nonexistent directory "/include"
#include "..." search starts here:
#include <...> search starts here:
 /usr/bin/../lib/gcc/aarch64-linux-gnu/14/../../../../include/c++/14
 /usr/bin/../lib/gcc/aarch64-linux-gnu/14/../../../../include/aarch64-linux-gnu/c++/14
 /usr/bin/../lib/gcc/aarch64-linux-gnu/14/../../../../include/c++/14/backward
 /usr/lib/llvm-16/lib/clang/16/include
 /usr/local/include
 /usr/include/aarch64-linux-gnu
 /usr/include
End of search list.
Linking CXX executable cmTC_bb99f
/usr/local/bin/cmake -E cmake_link_script CMakeFiles/cmTC_bb99f.dir/link.txt --verbose=1
/usr/bin/clang++  -v CMakeFiles/cmTC_bb99f.dir/CMakeCXXCompilerABI.cpp.o -o cmTC_bb99f 
Debian clang version 16.0.6 (27+b1)
Target: aarch64-unknown-linux-gnu
Thread model: posix
InstalledDir: /usr/bin
Found candidate GCC installation: /usr/bin/../lib/gcc/aarch64-linux-gnu/12
Found candidate GCC installation: /usr/bin/../lib/gcc/aarch64-linux-gnu/13
Found candidate GCC installation: /usr/bin/../lib/gcc/aarch64-linux-gnu/14
Selected GCC installation: /usr/bin/../lib/gcc/aarch64-linux-gnu/14
Candidate multilib: .;@m64
Selected multilib: .;@m64
 "/usr/bin/ld" -pie -EL --hash-style=gnu --build-id --eh-frame-hdr -m aarch64linux -dynamic-linker /lib/ld-linux-aarch64.so.1 -o cmTC_bb99f /lib/aarch64-linux-gnu/Scrt1.o /lib/aarch64-linux-gnu/crti.o /usr/bin/../lib/gcc/aarch64-linux-gnu/14/crtbeginS.o -L/usr/bin/../lib/gcc/aarch64-linux-gnu/14 -L/lib/aarch64-linux-gnu -L/usr/lib/aarch64-linux-gnu -L/lib -L/usr/lib CMakeFiles/cmTC_bb99f.dir/CMakeCXXCompilerABI.cpp.o -lstdc++ -lm -lgcc_s -lgcc -lc -lgcc_s -lgcc /usr/bin/../lib/gcc/aarch64-linux-gnu/14/crtendS.o /lib/aarch64-linux-gnu/crtn.o
gmake[1]: Leaving directory '/home/kali/Fuzzing/ci-cd/ProjectX2.0/.cifuzz-build/libfuzzer/address+undefined/CMakeFiles/CMakeTmp'



Parsed CXX implicit include dir info from above output: rv=done
  found start of include info
  found start of implicit include info
    add: [/usr/bin/../lib/gcc/aarch64-linux-gnu/14/../../../../include/c++/14]
    add: [/usr/bin/../lib/gcc/aarch64-linux-gnu/14/../../../../include/aarch64-linux-gnu/c++/14]
    add: [/usr/bin/../lib/gcc/aarch64-linux-gnu/14/../../../../include/c++/14/backward]
    add: [/usr/lib/llvm-16/lib/clang/16/include]
    add: [/usr/local/include]
    add: [/usr/include/aarch64-linux-gnu]
    add: [/usr/include]
  end of search list found
  collapse include dir [/usr/bin/../lib/gcc/aarch64-linux-gnu/14/../../../../include/c++/14] ==> [/usr/include/c++/14]
  collapse include dir [/usr/bin/../lib/gcc/aarch64-linux-gnu/14/../../../../include/aarch64-linux-gnu/c++/14] ==> [/usr/include/aarch64-linux-gnu/c++/14]
  collapse include dir [/usr/bin/../lib/gcc/aarch64-linux-gnu/14/../../../../include/c++/14/backward] ==> [/usr/include/c++/14/backward]
  collapse include dir [/usr/lib/llvm-16/lib/clang/16/include] ==> [/usr/lib/llvm-16/lib/clang/16/include]
  collapse include dir [/usr/local/include] ==> [/usr/local/include]
  collapse include dir [/usr/include/aarch64-linux-gnu] ==> [/usr/include/aarch64-linux-gnu]
  collapse include dir [/usr/include] ==> [/usr/include]
  implicit include dirs: [/usr/include/c++/14;/usr/include/aarch64-linux-gnu/c++/14;/usr/include/c++/14/backward;/usr/lib/llvm-16/lib/clang/16/include;/usr/local/include;/usr/include/aarch64-linux-gnu;/usr/include]


Parsed CXX implicit link information from above output:
  link line regex: [^( *|.*[/\])(ld|CMAKE_LINK_STARTFILE-NOTFOUND|([^/\]+-)?ld|collect2)[^/\]*( |$)]
  ignore line: [Change Dir: /home/kali/Fuzzing/ci-cd/ProjectX2.0/.cifuzz-build/libfuzzer/address+undefined/CMakeFiles/CMakeTmp]
  ignore line: []
  ignore line: [Run Build Command(s):/usr/bin/gmake cmTC_bb99f/fast && /usr/bin/gmake  -f CMakeFiles/cmTC_bb99f.dir/build.make CMakeFiles/cmTC_bb99f.dir/build]
  ignore line: [gmake[1]: Entering directory '/home/kali/Fuzzing/ci-cd/ProjectX2.0/.cifuzz-build/libfuzzer/address+undefined/CMakeFiles/CMakeTmp']
  ignore line: [Building CXX object CMakeFiles/cmTC_bb99f.dir/CMakeCXXCompilerABI.cpp.o]
  ignore line: [/usr/bin/clang++   -v -o CMakeFiles/cmTC_bb99f.dir/CMakeCXXCompilerABI.cpp.o -c /usr/local/share/cmake-3.18/Modules/CMakeCXXCompilerABI.cpp]
  ignore line: [Debian clang version 16.0.6 (27+b1)]
  ignore line: [Target: aarch64-unknown-linux-gnu]
  ignore line: [Thread model: posix]
  ignore line: [InstalledDir: /usr/bin]
  ignore line: [Found candidate GCC installation: /usr/bin/../lib/gcc/aarch64-linux-gnu/12]
  ignore line: [Found candidate GCC installation: /usr/bin/../lib/gcc/aarch64-linux-gnu/13]
  ignore line: [Found candidate GCC installation: /usr/bin/../lib/gcc/aarch64-linux-gnu/14]
  ignore line: [Selected GCC installation: /usr/bin/../lib/gcc/aarch64-linux-gnu/14]
  ignore line: [Candidate multilib: .]
  ignore line: [@m64]
  ignore line: [Selected multilib: .]
  ignore line: [@m64]
  ignore line: [ (in-process)]
  ignore line: [ "/usr/lib/llvm-16/bin/clang" -cc1 -triple aarch64-unknown-linux-gnu -emit-obj -mrelax-all -disable-free -clear-ast-before-backend -disable-llvm-verifier -discard-value-names -main-file-name CMakeCXXCompilerABI.cpp -mrelocation-model pic -pic-level 2 -pic-is-pie -mframe-pointer=non-leaf -fmath-errno -ffp-contract=on -fno-rounding-math -mconstructor-aliases -funwind-tables=2 -target-cpu generic -target-feature +neon -target-feature +v8a -target-abi aapcs -mllvm -treat-scalable-fixed-error-as-warning -debugger-tuning=gdb -v -fcoverage-compilation-dir=/home/kali/Fuzzing/ci-cd/ProjectX2.0/.cifuzz-build/libfuzzer/address+undefined/CMakeFiles/CMakeTmp -resource-dir /usr/lib/llvm-16/lib/clang/16 -internal-isystem /usr/bin/../lib/gcc/aarch64-linux-gnu/14/../../../../include/c++/14 -internal-isystem /usr/bin/../lib/gcc/aarch64-linux-gnu/14/../../../../include/aarch64-linux-gnu/c++/14 -internal-isystem /usr/bin/../lib/gcc/aarch64-linux-gnu/14/../../../../include/c++/14/backward -internal-isystem /usr/lib/llvm-16/lib/clang/16/include -internal-isystem /usr/local/include -internal-isystem /usr/bin/../lib/gcc/aarch64-linux-gnu/14/../../../../aarch64-linux-gnu/include -internal-externc-isystem /usr/include/aarch64-linux-gnu -internal-externc-isystem /include -internal-externc-isystem /usr/include -fdeprecated-macro -fdebug-compilation-dir=/home/kali/Fuzzing/ci-cd/ProjectX2.0/.cifuzz-build/libfuzzer/address+undefined/CMakeFiles/CMakeTmp -ferror-limit 19 -fno-signed-char -fgnuc-version=4.2.1 -fcxx-exceptions -fexceptions -target-feature +outline-atomics -target-feature -fmv -faddrsig -D__GCC_HAVE_DWARF2_CFI_ASM=1 -o CMakeFiles/cmTC_bb99f.dir/CMakeCXXCompilerABI.cpp.o -x c++ /usr/local/share/cmake-3.18/Modules/CMakeCXXCompilerABI.cpp]
  ignore line: [clang -cc1 version 16.0.6 based upon LLVM 16.0.6 default target aarch64-unknown-linux-gnu]
  ignore line: [ignoring nonexistent directory "/usr/bin/../lib/gcc/aarch64-linux-gnu/14/../../../../aarch64-linux-gnu/include"]
  ignore line: [ignoring nonexistent directory "/include"]
  ignore line: [#include "..." search starts here:]
  ignore line: [#include <...> search starts here:]
  ignore line: [ /usr/bin/../lib/gcc/aarch64-linux-gnu/14/../../../../include/c++/14]
  ignore line: [ /usr/bin/../lib/gcc/aarch64-linux-gnu/14/../../../../include/aarch64-linux-gnu/c++/14]
  ignore line: [ /usr/bin/../lib/gcc/aarch64-linux-gnu/14/../../../../include/c++/14/backward]
  ignore line: [ /usr/lib/llvm-16/lib/clang/16/include]
  ignore line: [ /usr/local/include]
  ignore line: [ /usr/include/aarch64-linux-gnu]
  ignore line: [ /usr/include]
  ignore line: [End of search list.]
  ignore line: [Linking CXX executable cmTC_bb99f]
  ignore line: [/usr/local/bin/cmake -E cmake_link_script CMakeFiles/cmTC_bb99f.dir/link.txt --verbose=1]
  ignore line: [/usr/bin/clang++  -v CMakeFiles/cmTC_bb99f.dir/CMakeCXXCompilerABI.cpp.o -o cmTC_bb99f ]
  ignore line: [Debian clang version 16.0.6 (27+b1)]
  ignore line: [Target: aarch64-unknown-linux-gnu]
  ignore line: [Thread model: posix]
  ignore line: [InstalledDir: /usr/bin]
  ignore line: [Found candidate GCC installation: /usr/bin/../lib/gcc/aarch64-linux-gnu/12]
  ignore line: [Found candidate GCC installation: /usr/bin/../lib/gcc/aarch64-linux-gnu/13]
  ignore line: [Found candidate GCC installation: /usr/bin/../lib/gcc/aarch64-linux-gnu/14]
  ignore line: [Selected GCC installation: /usr/bin/../lib/gcc/aarch64-linux-gnu/14]
  ignore line: [Candidate multilib: .]
  ignore line: [@m64]
  ignore line: [Selected multilib: .]
  ignore line: [@m64]
  link line: [ "/usr/bin/ld" -pie -EL --hash-style=gnu --build-id --eh-frame-hdr -m aarch64linux -dynamic-linker /lib/ld-linux-aarch64.so.1 -o cmTC_bb99f /lib/aarch64-linux-gnu/Scrt1.o /lib/aarch64-linux-gnu/crti.o /usr/bin/../lib/gcc/aarch64-linux-gnu/14/crtbeginS.o -L/usr/bin/../lib/gcc/aarch64-linux-gnu/14 -L/lib/aarch64-linux-gnu -L/usr/lib/aarch64-linux-gnu -L/lib -L/usr/lib CMakeFiles/cmTC_bb99f.dir/CMakeCXXCompilerABI.cpp.o -lstdc++ -lm -lgcc_s -lgcc -lc -lgcc_s -lgcc /usr/bin/../lib/gcc/aarch64-linux-gnu/14/crtendS.o /lib/aarch64-linux-gnu/crtn.o]
    arg [/usr/bin/ld] ==> ignore
    arg [-pie] ==> ignore
    arg [-EL] ==> ignore
    arg [--hash-style=gnu] ==> ignore
    arg [--build-id] ==> ignore
    arg [--eh-frame-hdr] ==> ignore
    arg [-m] ==> ignore
    arg [aarch64linux] ==> ignore
    arg [-dynamic-linker] ==> ignore
    arg [/lib/ld-linux-aarch64.so.1] ==> ignore
    arg [-o] ==> ignore
    arg [cmTC_bb99f] ==> ignore
    arg [/lib/aarch64-linux-gnu/Scrt1.o] ==> ignore
    arg [/lib/aarch64-linux-gnu/crti.o] ==> ignore
    arg [/usr/bin/../lib/gcc/aarch64-linux-gnu/14/crtbeginS.o] ==> ignore
    arg [-L/usr/bin/../lib/gcc/aarch64-linux-gnu/14] ==> dir [/usr/bin/../lib/gcc/aarch64-linux-gnu/14]
    arg [-L/lib/aarch64-linux-gnu] ==> dir [/lib/aarch64-linux-gnu]
    arg [-L/usr/lib/aarch64-linux-gnu] ==> dir [/usr/lib/aarch64-linux-gnu]
    arg [-L/lib] ==> dir [/lib]
    arg [-L/usr/lib] ==> dir [/usr/lib]
    arg [CMakeFiles/cmTC_bb99f.dir/CMakeCXXCompilerABI.cpp.o] ==> ignore
    arg [-lstdc++] ==> lib [stdc++]
    arg [-lm] ==> lib [m]
    arg [-lgcc_s] ==> lib [gcc_s]
    arg [-lgcc] ==> lib [gcc]
    arg [-lc] ==> lib [c]
    arg [-lgcc_s] ==> lib [gcc_s]
    arg [-lgcc] ==> lib [gcc]
    arg [/usr/bin/../lib/gcc/aarch64-linux-gnu/14/crtendS.o] ==> ignore
    arg [/lib/aarch64-linux-gnu/crtn.o] ==> ignore
  collapse library dir [/usr/bin/../lib/gcc/aarch64-linux-gnu/14] ==> [/usr/lib/gcc/aarch64-linux-gnu/14]
  collapse library dir [/lib/aarch64-linux-gnu] ==> [/lib/aarch64-linux-gnu]
  collapse library dir [/usr/lib/aarch64-linux-gnu] ==> [/usr/lib/aarch64-linux-gnu]
  collapse library dir [/lib] ==> [/lib]
  collapse library dir [/usr/lib] ==> [/usr/lib]
  implicit libs: [stdc++;m;gcc_s;gcc;c;gcc_s;gcc]
  implicit dirs: [/usr/lib/gcc/aarch64-linux-gnu/14;/lib/aarch64-linux-gnu;/usr/lib/aarch64-linux-gnu;/lib;/usr/lib]
  implicit fwks: []


